Determining if the pthread_create exist failed with the following output:
Change Dir: /home/votol/Programming/skach_fish/fish4/build/CMakeFiles/CMakeTmp

Run Build Command:"/usr/bin/make" "cmTryCompileExec3575709749/fast"
/usr/bin/make -f CMakeFiles/cmTryCompileExec3575709749.dir/build.make CMakeFiles/cmTryCompileExec3575709749.dir/build
make[1]: Вход в каталог `/home/votol/Programming/skach_fish/fish4/build/CMakeFiles/CMakeTmp'
/usr/local/bin/cmake -E cmake_progress_report /home/votol/Programming/skach_fish/fish4/build/CMakeFiles/CMakeTmp/CMakeFiles 1
Building C object CMakeFiles/cmTryCompileExec3575709749.dir/CheckSymbolExists.c.o
/usr/bin/cc    -o CMakeFiles/cmTryCompileExec3575709749.dir/CheckSymbolExists.c.o   -c /home/votol/Programming/skach_fish/fish4/build/CMakeFiles/CMakeTmp/CheckSymbolExists.c
Linking C executable cmTryCompileExec3575709749
/usr/local/bin/cmake -E cmake_link_script CMakeFiles/cmTryCompileExec3575709749.dir/link.txt --verbose=1
/usr/bin/cc       CMakeFiles/cmTryCompileExec3575709749.dir/CheckSymbolExists.c.o  -o cmTryCompileExec3575709749 -rdynamic 
CMakeFiles/cmTryCompileExec3575709749.dir/CheckSymbolExists.c.o: In function `main':
CheckSymbolExists.c:(.text+0x16): undefined reference to `pthread_create'
collect2: ld returned 1 exit status
make[1]: Выход из каталога `/home/votol/Programming/skach_fish/fish4/build/CMakeFiles/CMakeTmp'
make[1]: *** [cmTryCompileExec3575709749] Ошибка 1
make: *** [cmTryCompileExec3575709749/fast] Ошибка 2

File /home/votol/Programming/skach_fish/fish4/build/CMakeFiles/CMakeTmp/CheckSymbolExists.c:
/* */
#include <pthread.h>

int main(int argc, char** argv)
{
  (void)argv;
#ifndef pthread_create
  return ((int*)(&pthread_create))[argc];
#else
  (void)argc;
  return 0;
#endif
}

Determining if the function pthread_create exists in the pthreads failed with the following output:
Change Dir: /home/votol/Programming/skach_fish/fish4/build/CMakeFiles/CMakeTmp

Run Build Command:"/usr/bin/make" "cmTryCompileExec2221911596/fast"
/usr/bin/make -f CMakeFiles/cmTryCompileExec2221911596.dir/build.make CMakeFiles/cmTryCompileExec2221911596.dir/build
make[1]: Вход в каталог `/home/votol/Programming/skach_fish/fish4/build/CMakeFiles/CMakeTmp'
/usr/local/bin/cmake -E cmake_progress_report /home/votol/Programming/skach_fish/fish4/build/CMakeFiles/CMakeTmp/CMakeFiles 1
Building C object CMakeFiles/cmTryCompileExec2221911596.dir/CheckFunctionExists.c.o
/usr/bin/cc   -DCHECK_FUNCTION_EXISTS=pthread_create   -o CMakeFiles/cmTryCompileExec2221911596.dir/CheckFunctionExists.c.o   -c /usr/local/share/cmake-3.0/Modules/CheckFunctionExists.c
Linking C executable cmTryCompileExec2221911596
/usr/local/bin/cmake -E cmake_link_script CMakeFiles/cmTryCompileExec2221911596.dir/link.txt --verbose=1
/usr/bin/cc   -DCHECK_FUNCTION_EXISTS=pthread_create    CMakeFiles/cmTryCompileExec2221911596.dir/CheckFunctionExists.c.o  -o cmTryCompileExec2221911596 -rdynamic -lpthreads 
/usr/bin/ld: cannot find -lpthreads
collect2: ld returned 1 exit status
make[1]: *** [cmTryCompileExec2221911596] Ошибка 1
make[1]: Выход из каталога `/home/votol/Programming/skach_fish/fish4/build/CMakeFiles/CMakeTmp'
make: *** [cmTryCompileExec2221911596/fast] Ошибка 2


